# JRE version: OpenJDK Runtime Environment (21.0.7) (build 21.0.7+-13880790-b1038.58)
# Java VM: OpenJDK 64-Bit Server VM (21.0.7+-13880790-b1038.58, mixed mode, tiered, compressed oops, compressed class ptrs, g1 gc, windows-amd64)
GC Precious Log:
 CardTable entry size: 512
 Card Set container configuration: InlinePtr #cards 5 size 8 Array Of Cards #cards 12 size 40 Howl #buckets 4 coarsen threshold 1843 Howl Bitmap #cards 512 size 80 coarsen threshold 460 Card regions per heap region 1 cards per card region 2048
 CPUs: 12 total, 12 available
 Memory: 16212M
 Large Page Support: Disabled
 NUMA Support: Disabled
 Compressed Oops: Enabled (32-bit)
 Heap Region Size: 1M
 Heap Min Capacity: 8M
 Heap Initial Capacity: 254M
 Heap Max Capacity: 2G
 Pre-touch: Disabled
 Parallel Workers: 10
 Concurrent Workers: 3
 Concurrent Refinement Workers: 10
 Periodic GC: Disabled
Heap:
 garbage-first heap   total 403456K, used 264275K [0x0000000080000000, 0x0000000100000000)
  region size 1024K, 29 young (29696K), 6 survivors (6144K)
 Metaspace       used 208689K, committed 211584K, reserved 1245184K
  class space    used 27305K, committed 28736K, reserved 1048576K
GC Heap History (20 events):
Event: 76.841 GC heap before
{Heap before GC invocations=65 (full 0):
 garbage-first heap   total 318464K, used 279978K [0x0000000080000000, 0x0000000100000000)
  region size 1024K, 91 young (93184K), 4 survivors (4096K)
 Metaspace       used 146934K, committed 149376K, reserved 1179648K
  class space    used 19908K, committed 21120K, reserved 1048576K
}
Event: 76.846 GC heap after
{Heap after GC invocations=66 (full 0):
 garbage-first heap   total 318464K, used 196571K [0x0000000080000000, 0x0000000100000000)
  region size 1024K, 8 young (8192K), 8 survivors (8192K)
 Metaspace       used 146934K, committed 149376K, reserved 1179648K
  class space    used 19908K, committed 21120K, reserved 1048576K
}
Event: 77.765 GC heap before
{Heap before GC invocations=66 (full 0):
 garbage-first heap   total 318464K, used 294875K [0x0000000080000000, 0x0000000100000000)
  region size 1024K, 97 young (99328K), 8 survivors (8192K)
 Metaspace       used 155406K, committed 157952K, reserved 1245184K
  class space    used 21400K, committed 22656K, reserved 1048576K
}
Event: 77.771 GC heap after
{Heap after GC invocations=67 (full 0):
 garbage-first heap   total 318464K, used 199411K [0x0000000080000000, 0x0000000100000000)
  region size 1024K, 9 young (9216K), 9 survivors (9216K)
 Metaspace       used 155406K, committed 157952K, reserved 1245184K
  class space    used 21400K, committed 22656K, reserved 1048576K
}
Event: 78.484 GC heap before
{Heap before GC invocations=67 (full 0):
 garbage-first heap   total 318464K, used 254707K [0x0000000080000000, 0x0000000100000000)
  region size 1024K, 64 young (65536K), 9 survivors (9216K)
 Metaspace       used 163330K, committed 165824K, reserved 1245184K
  class space    used 22377K, committed 23616K, reserved 1048576K
}
Event: 78.490 GC heap after
{Heap after GC invocations=68 (full 0):
 garbage-first heap   total 318464K, used 200998K [0x0000000080000000, 0x0000000100000000)
  region size 1024K, 5 young (5120K), 5 survivors (5120K)
 Metaspace       used 163330K, committed 165824K, reserved 1245184K
  class space    used 22377K, committed 23616K, reserved 1048576K
}
Event: 79.467 GC heap before
{Heap before GC invocations=69 (full 0):
 garbage-first heap   total 348160K, used 310566K [0x0000000080000000, 0x0000000100000000)
  region size 1024K, 97 young (99328K), 5 survivors (5120K)
 Metaspace       used 170270K, committed 172800K, reserved 1245184K
  class space    used 23158K, committed 24384K, reserved 1048576K
}
Event: 79.480 GC heap after
{Heap after GC invocations=70 (full 0):
 garbage-first heap   total 348160K, used 224420K [0x0000000080000000, 0x0000000100000000)
  region size 1024K, 13 young (13312K), 13 survivors (13312K)
 Metaspace       used 170270K, committed 172800K, reserved 1245184K
  class space    used 23158K, committed 24384K, reserved 1048576K
}
Event: 80.647 GC heap before
{Heap before GC invocations=70 (full 0):
 garbage-first heap   total 348160K, used 315556K [0x0000000080000000, 0x0000000100000000)
  region size 1024K, 102 young (104448K), 13 survivors (13312K)
 Metaspace       used 182262K, committed 185152K, reserved 1245184K
  class space    used 24600K, committed 26048K, reserved 1048576K
}
Event: 80.657 GC heap after
{Heap after GC invocations=71 (full 0):
 garbage-first heap   total 348160K, used 227711K [0x0000000080000000, 0x0000000100000000)
  region size 1024K, 6 young (6144K), 6 survivors (6144K)
 Metaspace       used 182262K, committed 185152K, reserved 1245184K
  class space    used 24600K, committed 26048K, reserved 1048576K
}
Event: 80.790 GC heap before
{Heap before GC invocations=71 (full 0):
 garbage-first heap   total 348160K, used 235903K [0x0000000080000000, 0x0000000100000000)
  region size 1024K, 15 young (15360K), 6 survivors (6144K)
 Metaspace       used 183293K, committed 186112K, reserved 1245184K
  class space    used 24718K, committed 26112K, reserved 1048576K
}
Event: 80.793 GC heap after
{Heap after GC invocations=72 (full 0):
 garbage-first heap   total 348160K, used 227998K [0x0000000080000000, 0x0000000100000000)
  region size 1024K, 6 young (6144K), 6 survivors (6144K)
 Metaspace       used 183293K, committed 186112K, reserved 1245184K
  class space    used 24718K, committed 26112K, reserved 1048576K
}
Event: 81.675 GC heap before
{Heap before GC invocations=73 (full 0):
 garbage-first heap   total 380928K, used 320158K [0x0000000080000000, 0x0000000100000000)
  region size 1024K, 96 young (98304K), 6 survivors (6144K)
 Metaspace       used 188697K, committed 191616K, reserved 1245184K
  class space    used 25320K, committed 26752K, reserved 1048576K
}
Event: 81.681 GC heap after
{Heap after GC invocations=74 (full 0):
 garbage-first heap   total 380928K, used 233340K [0x0000000080000000, 0x0000000100000000)
  region size 1024K, 12 young (12288K), 12 survivors (12288K)
 Metaspace       used 188697K, committed 191616K, reserved 1245184K
  class space    used 25320K, committed 26752K, reserved 1048576K
}
Event: 83.046 GC heap before
{Heap before GC invocations=74 (full 0):
 garbage-first heap   total 380928K, used 340860K [0x0000000080000000, 0x0000000100000000)
  region size 1024K, 117 young (119808K), 12 survivors (12288K)
 Metaspace       used 204004K, committed 206976K, reserved 1245184K
  class space    used 26872K, committed 28352K, reserved 1048576K
}
Event: 83.056 GC heap after
{Heap after GC invocations=75 (full 0):
 garbage-first heap   total 380928K, used 236751K [0x0000000080000000, 0x0000000100000000)
  region size 1024K, 14 young (14336K), 14 survivors (14336K)
 Metaspace       used 204004K, committed 206976K, reserved 1245184K
  class space    used 26872K, committed 28352K, reserved 1048576K
}
Event: 83.430 GC heap before
{Heap before GC invocations=75 (full 0):
 garbage-first heap   total 380928K, used 273615K [0x0000000080000000, 0x0000000100000000)
  region size 1024K, 51 young (52224K), 14 survivors (14336K)
 Metaspace       used 206629K, committed 209536K, reserved 1245184K
  class space    used 27102K, committed 28544K, reserved 1048576K
}
Event: 83.436 GC heap after
{Heap after GC invocations=76 (full 0):
 garbage-first heap   total 380928K, used 240068K [0x0000000080000000, 0x0000000100000000)
  region size 1024K, 9 young (9216K), 9 survivors (9216K)
 Metaspace       used 206629K, committed 209536K, reserved 1245184K
  class space    used 27102K, committed 28544K, reserved 1048576K
}
Event: 84.517 GC heap before
{Heap before GC invocations=77 (full 0):
 garbage-first heap   total 403456K, used 350660K [0x0000000080000000, 0x0000000100000000)
  region size 1024K, 116 young (118784K), 9 survivors (9216K)
 Metaspace       used 208681K, committed 211584K, reserved 1245184K
  class space    used 27305K, committed 28736K, reserved 1048576K
}
Event: 84.522 GC heap after
{Heap after GC invocations=78 (full 0):
 garbage-first heap   total 403456K, used 241747K [0x0000000080000000, 0x0000000100000000)
  region size 1024K, 6 young (6144K), 6 survivors (6144K)
 Metaspace       used 208681K, committed 211584K, reserved 1245184K
  class space    used 27305K, committed 28736K, reserved 1048576K
}

